<?xml version="1.0" encoding="UTF-8"?>
<!-- Generated by org.testng.reporters.JUnitReportReporter -->
<testsuite hostname="Hestabits-MacBook-Pro.local" failures="0" tests="1" name="UrbanTestCases.TC_001_loginadmin" time="29.665" errors="0" timestamp="2024-03-28T07:21:33 IST" skipped="0">
  <testcase classname="UrbanTestCases.TC_001_loginadmin" name="sigin" time="29.665"/>
</testsuite> <!-- UrbanTestCases.TC_001_loginadmin -->
