<?xml version="1.0" encoding="UTF-8"?>
<!-- Generated by org.testng.reporters.JUnitReportReporter -->
<testsuite hostname="Hestabits-MacBook-Pro.local" failures="0" tests="1" name="UrbanTestCases.TC_001_loginadmin" time="24.881" errors="0" timestamp="2024-03-26T18:58:07 IST" skipped="0">
  <testcase classname="UrbanTestCases.TC_001_loginadmin" name="sigin" time="24.881"/>
</testsuite> <!-- UrbanTestCases.TC_001_loginadmin -->
